1618137270085:help
1618139332384:Add-new-product
1618139348461:add-student
1618139373164:get-student
1618139394317:print-all-student
1618139408093:print-all-students
1618140957578:help
1618140973022:print-all-products-from-category
1618141315879:help
1618141395685:print-max-price-product
1618141448432:help
1618141456222:print-max-price-product
1618142062063:help
1618142080821:delete-product
1618142610422:help
1618142618743:delete-product
1618142653155:add-product
1618180928663:help
1618180967846:print-all-products
1618181239931:help
1618181262962:get-product
1618181436797:help
1618181447010:get-product
1618181577138:print-all-products
1618181701313:get-product
1618182137606:help
1618182151099:print-all-products-from-category
1618182369272:help
1618182380723:print-max-price-product
1618182400450:print-all-products-from-category
1618182423365:add-product
1618182461785:delete-product
1618182604896:help
1618182613284:delete-product
1618182646194:print-all-products
1618182657907:get-product
